<?xml version="1.0" encoding="UTF-8"?>
<!-- Generated by org.testng.reporters.JUnitXMLReporter -->
<testsuite ignored="0" hostname="Saurabhs-MacBook-Pro.local" failures="0" tests="3" name="MyTest" time="1.849" errors="0" timestamp="2024-06-26T12:49:17 IST">
  <testcase classname="apiTestClasses.sign_up_New_Test_Lead" name="verifySendOtp" time="0.463"/>
  <testcase classname="apiTestClasses.sign_up_New_Test_Lead" name="verifyOtp" time="0.298"/>
  <testcase classname="apiTestClasses.sign_up_New_Test_Lead" name="InsertFullNameAndEmail" time="1.083"/>
</testsuite> <!-- MyTest -->
