<?xml version="1.0" encoding="UTF-8"?>
<testng-results ignored="0" total="3" passed="3" failed="0" skipped="0">
  <reporter-output>
  </reporter-output>
  <suite started-at="2024-06-26T12:49:15 IST" name="MyTestSuite" finished-at="2024-06-26T12:49:17 IST" duration-ms="1849">
    <groups>
    </groups>
    <test started-at="2024-06-26T12:49:15 IST" name="MyTest" finished-at="2024-06-26T12:49:17 IST" duration-ms="1849">
      <class name="apiTestClasses.sign_up_New_Test_Lead">
        <test-method signature="verifySendOtp(org.testng.ITestContext)[pri:1, instance:apiTestClasses.sign_up_New_Test_Lead@6a495d88]" started-at="2024-06-26T12:49:15 IST" name="verifySendOtp" description="SendOtp" finished-at="2024-06-26T12:49:15 IST" duration-ms="463" status="PASS">
          <params>
            <param index="0">
              <value>
                <![CDATA[org.testng.TestRunner@6030eff1]]>
              </value>
            </param>
          </params>
          <reporter-output>
          </reporter-output>
        </test-method> <!-- verifySendOtp -->
        <test-method signature="verifyOtp(org.testng.ITestContext)[pri:2, instance:apiTestClasses.sign_up_New_Test_Lead@6a495d88]" started-at="2024-06-26T12:49:15 IST" name="verifyOtp" description="VerifyOtp" finished-at="2024-06-26T12:49:16 IST" duration-ms="298" status="PASS">
          <params>
            <param index="0">
              <value>
                <![CDATA[org.testng.TestRunner@6030eff1]]>
              </value>
            </param>
          </params>
          <reporter-output>
          </reporter-output>
        </test-method> <!-- verifyOtp -->
        <test-method signature="InsertFullNameAndEmail(org.testng.ITestContext)[pri:3, instance:apiTestClasses.sign_up_New_Test_Lead@6a495d88]" started-at="2024-06-26T12:49:16 IST" name="InsertFullNameAndEmail" description="EmailAndFullName" finished-at="2024-06-26T12:49:17 IST" duration-ms="1083" status="PASS">
          <params>
            <param index="0">
              <value>
                <![CDATA[org.testng.TestRunner@6030eff1]]>
              </value>
            </param>
          </params>
          <reporter-output>
          </reporter-output>
        </test-method> <!-- InsertFullNameAndEmail -->
      </class> <!-- apiTestClasses.sign_up_New_Test_Lead -->
    </test> <!-- MyTest -->
  </suite> <!-- MyTestSuite -->
</testng-results>
